[35m[1mConsolidate compiler generated dependencies of target arduino_serial_node[0m
[ 50%] [32mBuilding CXX object CMakeFiles/arduino_serial_node.dir/src/arduino_serial_node.cpp.o[0m
[01m[K/home/xy/æ–‡æ¡£/PlatformIO/Projects/arduino_ros2_communicate/ros2_ws/src/arduino_communication/src/arduino_serial_node.cpp:[m[K In constructor â€˜[01m[KArduinoSerialNode::ArduinoSerialNode()[m[Kâ€™:
[01m[K/home/xy/æ–‡æ¡£/PlatformIO/Projects/arduino_ros2_communicate/ros2_ws/src/arduino_communication/src/arduino_serial_node.cpp:17:25:[m[K [01;31m[Kerror: [m[Kâ€˜[01m[Kdrivers::serial_driver::SerialPortConfig::FlowControl[m[Kâ€™ has not been declared
   17 |       SerialPortConfig::[01;31m[KFlowControl[m[K::NONE,
      |                         [01;31m[K^~~~~~~~~~~[m[K
[01m[K/home/xy/æ–‡æ¡£/PlatformIO/Projects/arduino_ros2_communicate/ros2_ws/src/arduino_communication/src/arduino_serial_node.cpp:18:25:[m[K [01;31m[Kerror: [m[Kâ€˜[01m[Kdrivers::serial_driver::SerialPortConfig::Parity[m[Kâ€™ has not been declared
   18 |       SerialPortConfig::[01;31m[KParity[m[K::NONE,
      |                         [01;31m[K^~~~~~[m[K
[01m[K/home/xy/æ–‡æ¡£/PlatformIO/Projects/arduino_ros2_communicate/ros2_ws/src/arduino_communication/src/arduino_serial_node.cpp:19:25:[m[K [01;31m[Kerror: [m[Kâ€˜[01m[Kdrivers::serial_driver::SerialPortConfig::StopBits[m[Kâ€™ has not been declared
   19 |       SerialPortConfig::[01;31m[KStopBits[m[K::ONE
      |                         [01;31m[K^~~~~~~~[m[K
gmake[2]: *** [CMakeFiles/arduino_serial_node.dir/build.make:76ï¼šCMakeFiles/arduino_serial_node.dir/src/arduino_serial_node.cpp.o] é”™è¯¯ 1
gmake[1]: *** [CMakeFiles/Makefile2:137ï¼šCMakeFiles/arduino_serial_node.dir/all] é”™è¯¯ 2
gmake: *** [Makefile:146ï¼šall] é”™è¯¯ 2
