[01m[K/home/xy/æ–‡æ¡£/PlatformIO/Projects/arduino_ros2_communicate/ros2_ws/src/arduino_communication/src/arduino_serial_node.cpp:[m[K In member function â€˜[01m[Kvoid ArduinoSerialNode::timer_callback()[m[Kâ€™:
[01m[K/home/xy/æ–‡æ¡£/PlatformIO/Projects/arduino_ros2_communicate/ros2_ws/src/arduino_communication/src/arduino_serial_node.cpp:50:42:[m[K [01;31m[Kerror: [m[Kâ€˜[01m[Kusing element_type = class drivers::serial_driver::SerialPort[m[Kâ€™ {aka â€˜[01m[Kclass drivers::serial_driver::SerialPort[m[Kâ€™} has no member named â€˜[01m[Kstream[m[Kâ€™
   50 |     std::getline(serial_driver_->port()->[01;31m[Kstream[m[K(), data); // è¯»å–å®Œæ•´çš„ä¸€è¡Œæ•°æ®
      |                                          [01;31m[K^~~~~~[m[K
gmake[2]: *** [CMakeFiles/arduino_serial_node.dir/build.make:76ï¼šCMakeFiles/arduino_serial_node.dir/src/arduino_serial_node.cpp.o] é”™è¯¯ 1
gmake[1]: *** [CMakeFiles/Makefile2:137ï¼šCMakeFiles/arduino_serial_node.dir/all] é”™è¯¯ 2
gmake: *** [Makefile:146ï¼šall] é”™è¯¯ 2
