[01m[K/home/xy/æ–‡æ¡£/PlatformIO/Projects/arduino_ros2_communicate/ros2_ws/src/arduino_communication/src/arduino_serial_node.cpp:40:6:[m[K [01;31m[Kerror: [m[Kexpected â€˜[01m[K}[m[Kâ€™ at end of input
   40 |     }
      |      [01;31m[K^[m[K
[01m[K/home/xy/æ–‡æ¡£/PlatformIO/Projects/arduino_ros2_communicate/ros2_ws/src/arduino_communication/src/arduino_serial_node.cpp:5:47:[m[K [01;36m[Knote: [m[Kto match this â€˜[01m[K{[m[Kâ€™
    5 | class ArduinoSerialNode : public rclcpp::Node [01;36m[K{[m[K
      |                                               [01;36m[K^[m[K
[01m[K/home/xy/æ–‡æ¡£/PlatformIO/Projects/arduino_ros2_communicate/ros2_ws/src/arduino_communication/src/arduino_serial_node.cpp:[m[K In constructor â€˜[01m[KArduinoSerialNode::ArduinoSerialNode()[m[Kâ€™:
[01m[K/home/xy/æ–‡æ¡£/PlatformIO/Projects/arduino_ros2_communicate/ros2_ws/src/arduino_communication/src/arduino_serial_node.cpp:11:9:[m[K [01;31m[Kerror: [m[Kâ€˜[01m[Kio_context_[m[Kâ€™ was not declared in this scope; did you mean â€˜[01m[KIoContext[m[Kâ€™?
   11 |         [01;31m[Kio_context_[m[K = std::make_shared<drivers::common::IoContext>(1);
      |         [01;31m[K^~~~~~~~~~~[m[K
      |         [32m[KIoContext[m[K
[01m[K/home/xy/æ–‡æ¡£/PlatformIO/Projects/arduino_ros2_communicate/ros2_ws/src/arduino_communication/src/arduino_serial_node.cpp:22:9:[m[K [01;31m[Kerror: [m[Kâ€˜[01m[Kserial_driver_[m[Kâ€™ was not declared in this scope
   22 |         [01;31m[Kserial_driver_[m[K = std::make_unique<drivers::serial_driver::SerialDriver>(*io_context_);
      |         [01;31m[K^~~~~~~~~~~~~~[m[K
[01m[K/home/xy/æ–‡æ¡£/PlatformIO/Projects/arduino_ros2_communicate/ros2_ws/src/arduino_communication/src/arduino_serial_node.cpp:35:9:[m[K [01;31m[Kerror: [m[Kâ€˜[01m[Ktimer_[m[Kâ€™ was not declared in this scope; did you mean â€˜[01m[Ktimer_t[m[Kâ€™?
   35 |         [01;31m[Ktimer_[m[K = this->create_wall_timer(
      |         [01;31m[K^~~~~~[m[K
      |         [32m[Ktimer_t[m[K
[01m[K/home/xy/æ–‡æ¡£/PlatformIO/Projects/arduino_ros2_communicate/ros2_ws/src/arduino_communication/src/arduino_serial_node.cpp:37:43:[m[K [01;31m[Kerror: [m[Kâ€˜[01m[Ktimer_callback[m[Kâ€™ is not a member of â€˜[01m[KArduinoSerialNode[m[Kâ€™
   37 |             std::bind(&ArduinoSerialNode::[01;31m[Ktimer_callback[m[K, this));
      |                                           [01;31m[K^~~~~~~~~~~~~~[m[K
[01m[K/home/xy/æ–‡æ¡£/PlatformIO/Projects/arduino_ros2_communicate/ros2_ws/src/arduino_communication/src/arduino_serial_node.cpp:39:9:[m[K [01;31m[Kerror: [m[Kâ€˜[01m[Kpublisher_[m[Kâ€™ was not declared in this scope; did you mean â€˜[01m[Krmw_publisher_t[m[Kâ€™?
   39 |         [01;31m[Kpublisher_[m[K = this->create_publisher<std_msgs::msg::String>("arduino_data", 10);
      |         [01;31m[K^~~~~~~~~~[m[K
      |         [32m[Krmw_publisher_t[m[K
[01m[K/home/xy/æ–‡æ¡£/PlatformIO/Projects/arduino_ros2_communicate/ros2_ws/src/arduino_communication/src/arduino_serial_node.cpp:[m[K At global scope:
[01m[K/home/xy/æ–‡æ¡£/PlatformIO/Projects/arduino_ros2_communicate/ros2_ws/src/arduino_communication/src/arduino_serial_node.cpp:40:6:[m[K [01;31m[Kerror: [m[Kexpected unqualified-id at end of input
   40 |     }
      |      [01;31m[K^[m[K
gmake[2]: *** [CMakeFiles/arduino_serial_node.dir/build.make:76ï¼šCMakeFiles/arduino_serial_node.dir/src/arduino_serial_node.cpp.o] é”™è¯¯ 1
gmake[1]: *** [CMakeFiles/Makefile2:137ï¼šCMakeFiles/arduino_serial_node.dir/all] é”™è¯¯ 2
gmake: *** [Makefile:146ï¼šall] é”™è¯¯ 2
