[0.006s] Invoking command in '/home/xy/æ–‡æ¡£/PlatformIO/Projects/arduino_ros2_communicate/ros2_ws/build/arduino_communication': CMAKE_PREFIX_PATH=${CMAKE_PREFIX_PATH}:/opt/ros/humble CONDA_PROMPT_MODIFIER=(base) /usr/bin/cmake /home/xy/æ–‡æ¡£/PlatformIO/Projects/arduino_ros2_communicate/ros2_ws/src/arduino_communication -DAMENT_CMAKE_SYMLINK_INSTALL=1 -DCMAKE_INSTALL_PREFIX=/home/xy/æ–‡æ¡£/PlatformIO/Projects/arduino_ros2_communicate/ros2_ws/install/arduino_communication
[0.046s] -- The C compiler identification is GNU 11.4.0
[0.087s] -- The CXX compiler identification is GNU 11.4.0
[0.093s] -- Detecting C compiler ABI info
[0.146s] -- Detecting C compiler ABI info - done
[0.152s] -- Check for working C compiler: /usr/bin/cc - skipped
[0.152s] -- Detecting C compile features
[0.153s] -- Detecting C compile features - done
[0.156s] -- Detecting CXX compiler ABI info
[0.210s] -- Detecting CXX compiler ABI info - done
[0.216s] -- Check for working CXX compiler: /usr/bin/c++ - skipped
[0.216s] -- Detecting CXX compile features
[0.216s] -- Detecting CXX compile features - done
[0.218s] -- Found ament_cmake: 1.3.10 (/opt/ros/humble/share/ament_cmake/cmake)
[0.434s] -- Found Python3: /home/xy/anaconda3/bin/python3 (found version "3.11.3") found components: Interpreter 
[0.480s] -- Override CMake install command with custom implementation using symlinks instead of copying resources
[0.497s] -- Found rclcpp: 16.0.10 (/opt/ros/humble/share/rclcpp/cmake)
[0.523s] -- Found rosidl_generator_c: 3.1.5 (/opt/ros/humble/share/rosidl_generator_c/cmake)
[0.526s] -- Found rosidl_adapter: 3.1.5 (/opt/ros/humble/share/rosidl_adapter/cmake)
[0.531s] -- Found rosidl_generator_cpp: 3.1.5 (/opt/ros/humble/share/rosidl_generator_cpp/cmake)
[0.539s] -- Using all available rosidl_typesupport_c: rosidl_typesupport_fastrtps_c;rosidl_typesupport_introspection_c
[0.549s] -- Using all available rosidl_typesupport_cpp: rosidl_typesupport_fastrtps_cpp;rosidl_typesupport_introspection_cpp
[0.575s] -- Found rmw_implementation_cmake: 6.1.2 (/opt/ros/humble/share/rmw_implementation_cmake/cmake)
[0.576s] -- Found rmw_fastrtps_cpp: 6.2.7 (/opt/ros/humble/share/rmw_fastrtps_cpp/cmake)
[0.635s] -- Found OpenSSL: /usr/lib/x86_64-linux-gnu/libcrypto.so (found version "3.0.2")  
[0.657s] -- Found FastRTPS: /opt/ros/humble/include  
[0.690s] -- Using RMW implementation 'rmw_fastrtps_cpp' as default
[0.697s] -- Looking for pthread.h
[0.745s] -- Looking for pthread.h - found
[0.746s] -- Performing Test CMAKE_HAVE_LIBC_PTHREAD
[0.793s] -- Performing Test CMAKE_HAVE_LIBC_PTHREAD - Success
[0.793s] -- Found Threads: TRUE  
[0.826s] -- Found serial_driver: 1.2.0 (/opt/ros/humble/share/serial_driver/cmake)
[0.838s] -- Found asio_cmake_module: 1.2.0 (/opt/ros/humble/share/asio_cmake_module/cmake)
[0.838s] -- Found ASIO: /usr/include  
[0.876s] -- Found ament_lint_auto: 0.12.11 (/opt/ros/humble/share/ament_lint_auto/cmake)
[0.945s] -- Added test 'copyright' to check source files copyright and LICENSE
[0.945s] -- Added test 'cppcheck' to perform static code analysis on C / C++ code
[0.945s] -- Configured cppcheck include dirs: 
[0.945s] -- Configured cppcheck exclude dirs and/or files: 
[0.946s] -- Added test 'cpplint' to check C / C++ code against the Google style
[0.946s] -- Configured cpplint exclude dirs and/or files: 
[0.946s] -- Added test 'lint_cmake' to check CMake code style
[0.946s] -- Added test 'uncrustify' to check C / C++ code style
[0.946s] -- Configured uncrustify additional arguments: 
[0.947s] -- Added test 'xmllint' to check XML markup files
[0.948s] -- Configuring done
[0.958s] -- Generating done
[0.959s] -- Build files have been written to: /home/xy/æ–‡æ¡£/PlatformIO/Projects/arduino_ros2_communicate/ros2_ws/build/arduino_communication
[0.966s] Invoked command in '/home/xy/æ–‡æ¡£/PlatformIO/Projects/arduino_ros2_communicate/ros2_ws/build/arduino_communication' returned '0': CMAKE_PREFIX_PATH=${CMAKE_PREFIX_PATH}:/opt/ros/humble CONDA_PROMPT_MODIFIER=(base) /usr/bin/cmake /home/xy/æ–‡æ¡£/PlatformIO/Projects/arduino_ros2_communicate/ros2_ws/src/arduino_communication -DAMENT_CMAKE_SYMLINK_INSTALL=1 -DCMAKE_INSTALL_PREFIX=/home/xy/æ–‡æ¡£/PlatformIO/Projects/arduino_ros2_communicate/ros2_ws/install/arduino_communication
[0.968s] Invoking command in '/home/xy/æ–‡æ¡£/PlatformIO/Projects/arduino_ros2_communicate/ros2_ws/build/arduino_communication': CMAKE_PREFIX_PATH=${CMAKE_PREFIX_PATH}:/opt/ros/humble CONDA_PROMPT_MODIFIER=(base) /usr/bin/cmake --build /home/xy/æ–‡æ¡£/PlatformIO/Projects/arduino_ros2_communicate/ros2_ws/build/arduino_communication -- -j16 -l16
[0.994s] [35m[1mConsolidate compiler generated dependencies of target arduino_serial_node[0m
[1.010s] [ 50%] [32mBuilding CXX object CMakeFiles/arduino_serial_node.dir/src/arduino_serial_node.cpp.o[0m
[2.645s] [01m[K/home/xy/æ–‡æ¡£/PlatformIO/Projects/arduino_ros2_communicate/ros2_ws/src/arduino_communication/src/arduino_serial_node.cpp:40:6:[m[K [01;31m[Kerror: [m[Kexpected â€˜[01m[K}[m[Kâ€™ at end of input
[2.645s]    40 |     }
[2.645s]       |      [01;31m[K^[m[K
[2.645s] [01m[K/home/xy/æ–‡æ¡£/PlatformIO/Projects/arduino_ros2_communicate/ros2_ws/src/arduino_communication/src/arduino_serial_node.cpp:5:47:[m[K [01;36m[Knote: [m[Kto match this â€˜[01m[K{[m[Kâ€™
[2.645s]     5 | class ArduinoSerialNode : public rclcpp::Node [01;36m[K{[m[K
[2.645s]       |                                               [01;36m[K^[m[K
[2.651s] [01m[K/home/xy/æ–‡æ¡£/PlatformIO/Projects/arduino_ros2_communicate/ros2_ws/src/arduino_communication/src/arduino_serial_node.cpp:[m[K In constructor â€˜[01m[KArduinoSerialNode::ArduinoSerialNode()[m[Kâ€™:
[2.651s] [01m[K/home/xy/æ–‡æ¡£/PlatformIO/Projects/arduino_ros2_communicate/ros2_ws/src/arduino_communication/src/arduino_serial_node.cpp:11:9:[m[K [01;31m[Kerror: [m[Kâ€˜[01m[Kio_context_[m[Kâ€™ was not declared in this scope; did you mean â€˜[01m[KIoContext[m[Kâ€™?
[2.651s]    11 |         [01;31m[Kio_context_[m[K = std::make_shared<drivers::common::IoContext>(1);
[2.651s]       |         [01;31m[K^~~~~~~~~~~[m[K
[2.651s]       |         [32m[KIoContext[m[K
[2.661s] [01m[K/home/xy/æ–‡æ¡£/PlatformIO/Projects/arduino_ros2_communicate/ros2_ws/src/arduino_communication/src/arduino_serial_node.cpp:22:9:[m[K [01;31m[Kerror: [m[Kâ€˜[01m[Kserial_driver_[m[Kâ€™ was not declared in this scope
[2.661s]    22 |         [01;31m[Kserial_driver_[m[K = std::make_unique<drivers::serial_driver::SerialDriver>(*io_context_);
[2.661s]       |         [01;31m[K^~~~~~~~~~~~~~[m[K
[2.665s] [01m[K/home/xy/æ–‡æ¡£/PlatformIO/Projects/arduino_ros2_communicate/ros2_ws/src/arduino_communication/src/arduino_serial_node.cpp:35:9:[m[K [01;31m[Kerror: [m[Kâ€˜[01m[Ktimer_[m[Kâ€™ was not declared in this scope; did you mean â€˜[01m[Ktimer_t[m[Kâ€™?
[2.665s]    35 |         [01;31m[Ktimer_[m[K = this->create_wall_timer(
[2.665s]       |         [01;31m[K^~~~~~[m[K
[2.665s]       |         [32m[Ktimer_t[m[K
[2.665s] [01m[K/home/xy/æ–‡æ¡£/PlatformIO/Projects/arduino_ros2_communicate/ros2_ws/src/arduino_communication/src/arduino_serial_node.cpp:37:43:[m[K [01;31m[Kerror: [m[Kâ€˜[01m[Ktimer_callback[m[Kâ€™ is not a member of â€˜[01m[KArduinoSerialNode[m[Kâ€™
[2.665s]    37 |             std::bind(&ArduinoSerialNode::[01;31m[Ktimer_callback[m[K, this));
[2.665s]       |                                           [01;31m[K^~~~~~~~~~~~~~[m[K
[2.670s] [01m[K/home/xy/æ–‡æ¡£/PlatformIO/Projects/arduino_ros2_communicate/ros2_ws/src/arduino_communication/src/arduino_serial_node.cpp:39:9:[m[K [01;31m[Kerror: [m[Kâ€˜[01m[Kpublisher_[m[Kâ€™ was not declared in this scope; did you mean â€˜[01m[Krmw_publisher_t[m[Kâ€™?
[2.670s]    39 |         [01;31m[Kpublisher_[m[K = this->create_publisher<std_msgs::msg::String>("arduino_data", 10);
[2.670s]       |         [01;31m[K^~~~~~~~~~[m[K
[2.670s]       |         [32m[Krmw_publisher_t[m[K
[2.673s] [01m[K/home/xy/æ–‡æ¡£/PlatformIO/Projects/arduino_ros2_communicate/ros2_ws/src/arduino_communication/src/arduino_serial_node.cpp:[m[K At global scope:
[2.673s] [01m[K/home/xy/æ–‡æ¡£/PlatformIO/Projects/arduino_ros2_communicate/ros2_ws/src/arduino_communication/src/arduino_serial_node.cpp:40:6:[m[K [01;31m[Kerror: [m[Kexpected unqualified-id at end of input
[2.674s]    40 |     }
[2.674s]       |      [01;31m[K^[m[K
[3.086s] gmake[2]: *** [CMakeFiles/arduino_serial_node.dir/build.make:76ï¼šCMakeFiles/arduino_serial_node.dir/src/arduino_serial_node.cpp.o] é”™è¯¯ 1
[3.086s] gmake[1]: *** [CMakeFiles/Makefile2:137ï¼šCMakeFiles/arduino_serial_node.dir/all] é”™è¯¯ 2
[3.086s] gmake: *** [Makefile:146ï¼šall] é”™è¯¯ 2
[3.087s] Invoked command in '/home/xy/æ–‡æ¡£/PlatformIO/Projects/arduino_ros2_communicate/ros2_ws/build/arduino_communication' returned '2': CMAKE_PREFIX_PATH=${CMAKE_PREFIX_PATH}:/opt/ros/humble CONDA_PROMPT_MODIFIER=(base) /usr/bin/cmake --build /home/xy/æ–‡æ¡£/PlatformIO/Projects/arduino_ros2_communicate/ros2_ws/build/arduino_communication -- -j16 -l16
