[0.006s] Invoking command in '/home/xy/æ–‡æ¡£/PlatformIO/Projects/arduino_ros2_communicate/ros2_ws/build/arduino_communication': CMAKE_PREFIX_PATH=/opt/ros/humble CONDA_PROMPT_MODIFIER=(base) /usr/bin/cmake /home/xy/æ–‡æ¡£/PlatformIO/Projects/arduino_ros2_communicate/ros2_ws/src/arduino_communication -DAMENT_CMAKE_SYMLINK_INSTALL=1 -DCMAKE_INSTALL_PREFIX=/home/xy/æ–‡æ¡£/PlatformIO/Projects/arduino_ros2_communicate/ros2_ws/install/arduino_communication
[0.051s] -- The C compiler identification is GNU 11.4.0
[0.088s] -- The CXX compiler identification is GNU 11.4.0
[0.093s] -- Detecting C compiler ABI info
[0.146s] -- Detecting C compiler ABI info - done
[0.151s] -- Check for working C compiler: /usr/bin/cc - skipped
[0.152s] -- Detecting C compile features
[0.152s] -- Detecting C compile features - done
[0.154s] -- Detecting CXX compiler ABI info
[0.208s] -- Detecting CXX compiler ABI info - done
[0.213s] -- Check for working CXX compiler: /usr/bin/c++ - skipped
[0.213s] -- Detecting CXX compile features
[0.213s] -- Detecting CXX compile features - done
[0.215s] -- Found ament_cmake: 1.3.10 (/opt/ros/humble/share/ament_cmake/cmake)
[0.463s] -- Found Python3: /home/xy/anaconda3/bin/python3 (found version "3.11.3") found components: Interpreter 
[0.515s] -- Override CMake install command with custom implementation using symlinks instead of copying resources
[0.533s] -- Found rclcpp: 16.0.10 (/opt/ros/humble/share/rclcpp/cmake)
[0.559s] -- Found rosidl_generator_c: 3.1.5 (/opt/ros/humble/share/rosidl_generator_c/cmake)
[0.562s] -- Found rosidl_adapter: 3.1.5 (/opt/ros/humble/share/rosidl_adapter/cmake)
[0.567s] -- Found rosidl_generator_cpp: 3.1.5 (/opt/ros/humble/share/rosidl_generator_cpp/cmake)
[0.574s] -- Using all available rosidl_typesupport_c: rosidl_typesupport_fastrtps_c;rosidl_typesupport_introspection_c
[0.583s] -- Using all available rosidl_typesupport_cpp: rosidl_typesupport_fastrtps_cpp;rosidl_typesupport_introspection_cpp
[0.609s] -- Found rmw_implementation_cmake: 6.1.2 (/opt/ros/humble/share/rmw_implementation_cmake/cmake)
[0.611s] -- Found rmw_fastrtps_cpp: 6.2.7 (/opt/ros/humble/share/rmw_fastrtps_cpp/cmake)
[0.698s] -- Found OpenSSL: /usr/lib/x86_64-linux-gnu/libcrypto.so (found version "3.0.2")  
[0.723s] -- Found FastRTPS: /opt/ros/humble/include  
[0.754s] -- Using RMW implementation 'rmw_fastrtps_cpp' as default
[0.761s] -- Looking for pthread.h
[0.841s] -- Looking for pthread.h - found
[0.842s] -- Performing Test CMAKE_HAVE_LIBC_PTHREAD
[0.920s] -- Performing Test CMAKE_HAVE_LIBC_PTHREAD - Success
[0.921s] -- Found Threads: TRUE  
[0.951s] -- Found serial_driver: 1.2.0 (/opt/ros/humble/share/serial_driver/cmake)
[0.962s] -- Found asio_cmake_module: 1.2.0 (/opt/ros/humble/share/asio_cmake_module/cmake)
[0.962s] -- Found ASIO: /usr/include  
[0.996s] -- Found ament_lint_auto: 0.12.11 (/opt/ros/humble/share/ament_lint_auto/cmake)
[1.059s] -- Added test 'copyright' to check source files copyright and LICENSE
[1.059s] -- Added test 'cppcheck' to perform static code analysis on C / C++ code
[1.059s] -- Configured cppcheck include dirs: 
[1.060s] -- Configured cppcheck exclude dirs and/or files: 
[1.060s] -- Added test 'cpplint' to check C / C++ code against the Google style
[1.060s] -- Configured cpplint exclude dirs and/or files: 
[1.060s] -- Added test 'lint_cmake' to check CMake code style
[1.061s] -- Added test 'uncrustify' to check C / C++ code style
[1.061s] -- Configured uncrustify additional arguments: 
[1.061s] -- Added test 'xmllint' to check XML markup files
[1.062s] -- Configuring done
[1.073s] -- Generating done
[1.073s] -- Build files have been written to: /home/xy/æ–‡æ¡£/PlatformIO/Projects/arduino_ros2_communicate/ros2_ws/build/arduino_communication
[1.080s] Invoked command in '/home/xy/æ–‡æ¡£/PlatformIO/Projects/arduino_ros2_communicate/ros2_ws/build/arduino_communication' returned '0': CMAKE_PREFIX_PATH=/opt/ros/humble CONDA_PROMPT_MODIFIER=(base) /usr/bin/cmake /home/xy/æ–‡æ¡£/PlatformIO/Projects/arduino_ros2_communicate/ros2_ws/src/arduino_communication -DAMENT_CMAKE_SYMLINK_INSTALL=1 -DCMAKE_INSTALL_PREFIX=/home/xy/æ–‡æ¡£/PlatformIO/Projects/arduino_ros2_communicate/ros2_ws/install/arduino_communication
[1.082s] Invoking command in '/home/xy/æ–‡æ¡£/PlatformIO/Projects/arduino_ros2_communicate/ros2_ws/build/arduino_communication': CMAKE_PREFIX_PATH=/opt/ros/humble CONDA_PROMPT_MODIFIER=(base) /usr/bin/cmake --build /home/xy/æ–‡æ¡£/PlatformIO/Projects/arduino_ros2_communicate/ros2_ws/build/arduino_communication -- -j16 -l16
[1.127s] [ 50%] [32mBuilding CXX object CMakeFiles/arduino_serial_node.dir/src/arduino_serial_node.cpp.o[0m
[2.762s] [01m[K/home/xy/æ–‡æ¡£/PlatformIO/Projects/arduino_ros2_communicate/ros2_ws/src/arduino_communication/src/arduino_serial_node.cpp:45:19:[m[K [01;31m[Kerror: [m[Kâ€˜[01m[KSerialDriver[m[Kâ€™ was not declared in this scope; did you mean â€˜[01m[Kdrivers::serial_driver::SerialDriver[m[Kâ€™?
[2.762s]    45 |   std::unique_ptr<[01;31m[KSerialDriver[m[K> serial_driver_;
[2.762s]       |                   [01;31m[K^~~~~~~~~~~~[m[K
[2.762s]       |                   [32m[Kdrivers::serial_driver::SerialDriver[m[K
[2.762s] In file included from [01m[K/home/xy/æ–‡æ¡£/PlatformIO/Projects/arduino_ros2_communicate/ros2_ws/src/arduino_communication/src/arduino_serial_node.cpp:3[m[K:
[2.762s] [01m[K/opt/ros/humble/include/serial_driver/serial_driver.hpp:29:7:[m[K [01;36m[Knote: [m[Kâ€˜[01m[Kdrivers::serial_driver::SerialDriver[m[Kâ€™ declared here
[2.762s]    29 | class [01;36m[KSerialDriver[m[K
[2.762s]       |       [01;36m[K^~~~~~~~~~~~[m[K
[2.762s] [01m[K/home/xy/æ–‡æ¡£/PlatformIO/Projects/arduino_ros2_communicate/ros2_ws/src/arduino_communication/src/arduino_serial_node.cpp:45:31:[m[K [01;31m[Kerror: [m[Ktemplate argument 1 is invalid
[2.762s]    45 |   std::unique_ptr<SerialDriver[01;31m[K>[m[K serial_driver_;
[2.762s]       |                               [01;31m[K^[m[K
[2.762s] [01m[K/home/xy/æ–‡æ¡£/PlatformIO/Projects/arduino_ros2_communicate/ros2_ws/src/arduino_communication/src/arduino_serial_node.cpp:45:31:[m[K [01;31m[Kerror: [m[Ktemplate argument 2 is invalid
[2.764s] [01m[K/home/xy/æ–‡æ¡£/PlatformIO/Projects/arduino_ros2_communicate/ros2_ws/src/arduino_communication/src/arduino_serial_node.cpp:[m[K In constructor â€˜[01m[KArduinoSerialNode::ArduinoSerialNode()[m[Kâ€™:
[2.764s] [01m[K/home/xy/æ–‡æ¡£/PlatformIO/Projects/arduino_ros2_communicate/ros2_ws/src/arduino_communication/src/arduino_serial_node.cpp:11:54:[m[K [01;31m[Kerror: [m[Kâ€˜[01m[KDeviceConfig[m[Kâ€™ is not a member of â€˜[01m[Kdrivers::common::IoContext[m[Kâ€™
[2.764s]    11 |     auto device_config = std::make_unique<IoContext::[01;31m[KDeviceConfig[m[K>();
[2.764s]       |                                                      [01;31m[K^~~~~~~~~~~~[m[K
[2.764s] [01m[K/home/xy/æ–‡æ¡£/PlatformIO/Projects/arduino_ros2_communicate/ros2_ws/src/arduino_communication/src/arduino_serial_node.cpp:11:67:[m[K [01;31m[Kerror: [m[Kno matching function for call to â€˜[01m[Kmake_unique<<expression error> >()[m[Kâ€™
[2.764s]    11 |     auto device_config = [01;31m[Kstd::make_unique<IoContext::DeviceConfig>()[m[K;
[2.764s]       |                          [01;31m[K~~~~~~~~~~~~~~~~~~~~~~~~~~~~~~~~~~~~~~~~~^~[m[K
[2.764s] In file included from [01m[K/usr/include/c++/11/memory:76[m[K,
[2.764s]                  from [01m[K/opt/ros/humble/include/rclcpp/rclcpp/rclcpp.hpp:153[m[K,
[2.764s]                  from [01m[K/home/xy/æ–‡æ¡£/PlatformIO/Projects/arduino_ros2_communicate/ros2_ws/src/arduino_communication/src/arduino_serial_node.cpp:1[m[K:
[2.764s] [01m[K/usr/include/c++/11/bits/unique_ptr.h:961:5:[m[K [01;36m[Knote: [m[Kcandidate: â€˜[01m[Ktemplate<class _Tp, class ... _Args> typename std::_MakeUniq<_Tp>::__single_object std::make_unique(_Args&& ...)[m[Kâ€™
[2.764s]   961 |     [01;36m[Kmake_unique[m[K(_Args&&... __args)
[2.764s]       |     [01;36m[K^~~~~~~~~~~[m[K
[2.764s] [01m[K/usr/include/c++/11/bits/unique_ptr.h:961:5:[m[K [01;36m[Knote: [m[K  template argument deduction/substitution failed:
[2.764s] [01m[K/home/xy/æ–‡æ¡£/PlatformIO/Projects/arduino_ros2_communicate/ros2_ws/src/arduino_communication/src/arduino_serial_node.cpp:11:67:[m[K [01;31m[Kerror: [m[Ktemplate argument 1 is invalid
[2.764s]    11 |     auto device_config = [01;31m[Kstd::make_unique<IoContext::DeviceConfig>()[m[K;
[2.764s]       |                          [01;31m[K~~~~~~~~~~~~~~~~~~~~~~~~~~~~~~~~~~~~~~~~~^~[m[K
[2.764s] In file included from [01m[K/usr/include/c++/11/memory:76[m[K,
[2.764s]                  from [01m[K/opt/ros/humble/include/rclcpp/rclcpp/rclcpp.hpp:153[m[K,
[2.765s]                  from [01m[K/home/xy/æ–‡æ¡£/PlatformIO/Projects/arduino_ros2_communicate/ros2_ws/src/arduino_communication/src/arduino_serial_node.cpp:1[m[K:
[2.765s] [01m[K/usr/include/c++/11/bits/unique_ptr.h:967:5:[m[K [01;36m[Knote: [m[Kcandidate: â€˜[01m[Ktemplate<class _Tp> typename std::_MakeUniq<_Tp>::__array std::make_unique(std::size_t)[m[Kâ€™
[2.765s]   967 |     [01;36m[Kmake_unique[m[K(size_t __num)
[2.765s]       |     [01;36m[K^~~~~~~~~~~[m[K
[2.765s] [01m[K/usr/include/c++/11/bits/unique_ptr.h:967:5:[m[K [01;36m[Knote: [m[K  template argument deduction/substitution failed:
[2.765s] [01m[K/home/xy/æ–‡æ¡£/PlatformIO/Projects/arduino_ros2_communicate/ros2_ws/src/arduino_communication/src/arduino_serial_node.cpp:11:67:[m[K [01;31m[Kerror: [m[Ktemplate argument 1 is invalid
[2.765s]    11 |     auto device_config = [01;31m[Kstd::make_unique<IoContext::DeviceConfig>()[m[K;
[2.765s]       |                          [01;31m[K~~~~~~~~~~~~~~~~~~~~~~~~~~~~~~~~~~~~~~~~~^~[m[K
[2.765s] In file included from [01m[K/usr/include/c++/11/memory:76[m[K,
[2.765s]                  from [01m[K/opt/ros/humble/include/rclcpp/rclcpp/rclcpp.hpp:153[m[K,
[2.765s]                  from [01m[K/home/xy/æ–‡æ¡£/PlatformIO/Projects/arduino_ros2_communicate/ros2_ws/src/arduino_communication/src/arduino_serial_node.cpp:1[m[K:
[2.765s] [01m[K/usr/include/c++/11/bits/unique_ptr.h:973:5:[m[K [01;36m[Knote: [m[Kcandidate: â€˜[01m[Ktemplate<class _Tp, class ... _Args> typename std::_MakeUniq<_Tp>::__invalid_type std::make_unique(_Args&& ...)[m[Kâ€™ (deleted)
[2.765s]   973 |     [01;36m[Kmake_unique[m[K(_Args&&...) = delete;
[2.765s]       |     [01;36m[K^~~~~~~~~~~[m[K
[2.765s] [01m[K/usr/include/c++/11/bits/unique_ptr.h:973:5:[m[K [01;36m[Knote: [m[K  template argument deduction/substitution failed:
[2.765s] [01m[K/home/xy/æ–‡æ¡£/PlatformIO/Projects/arduino_ros2_communicate/ros2_ws/src/arduino_communication/src/arduino_serial_node.cpp:11:67:[m[K [01;31m[Kerror: [m[Ktemplate argument 1 is invalid
[2.765s]    11 |     auto device_config = [01;31m[Kstd::make_unique<IoContext::DeviceConfig>()[m[K;
[2.765s]       |                          [01;31m[K~~~~~~~~~~~~~~~~~~~~~~~~~~~~~~~~~~~~~~~~~^~[m[K
[2.765s] [01m[K/home/xy/æ–‡æ¡£/PlatformIO/Projects/arduino_ros2_communicate/ros2_ws/src/arduino_communication/src/arduino_serial_node.cpp:14:46:[m[K [01;31m[Kerror: [m[Kâ€˜[01m[Kdrivers::common::IoContext::FlowControl[m[Kâ€™ has not been declared
[2.765s]    14 |     device_config->flow_control = IoContext::[01;31m[KFlowControl[m[K::NONE;
[2.765s]       |                                              [01;31m[K^~~~~~~~~~~[m[K
[2.765s] [01m[K/home/xy/æ–‡æ¡£/PlatformIO/Projects/arduino_ros2_communicate/ros2_ws/src/arduino_communication/src/arduino_serial_node.cpp:15:40:[m[K [01;31m[Kerror: [m[Kâ€˜[01m[Kdrivers::common::IoContext::Parity[m[Kâ€™ has not been declared
[2.765s]    15 |     device_config->parity = IoContext::[01;31m[KParity[m[K::NONE;
[2.765s]       |                                        [01;31m[K^~~~~~[m[K
[2.765s] [01m[K/home/xy/æ–‡æ¡£/PlatformIO/Projects/arduino_ros2_communicate/ros2_ws/src/arduino_communication/src/arduino_serial_node.cpp:16:43:[m[K [01;31m[Kerror: [m[Kâ€˜[01m[Kdrivers::common::IoContext::StopBits[m[Kâ€™ has not been declared
[2.765s]    16 |     device_config->stop_bits = IoContext::[01;31m[KStopBits[m[K::ONE;
[2.765s]       |                                           [01;31m[K^~~~~~~~[m[K
[2.765s] [01m[K/home/xy/æ–‡æ¡£/PlatformIO/Projects/arduino_ros2_communicate/ros2_ws/src/arduino_communication/src/arduino_serial_node.cpp:18:39:[m[K [01;31m[Kerror: [m[Kâ€˜[01m[KSerialDriver[m[Kâ€™ was not declared in this scope; did you mean â€˜[01m[Kdrivers::serial_driver::SerialDriver[m[Kâ€™?
[2.765s]    18 |     serial_driver_ = std::make_unique<[01;31m[KSerialDriver[m[K>(shared_from_this(), std::move(device_config));
[2.765s]       |                                       [01;31m[K^~~~~~~~~~~~[m[K
[2.765s]       |                                       [32m[Kdrivers::serial_driver::SerialDriver[m[K
[2.765s] In file included from [01m[K/home/xy/æ–‡æ¡£/PlatformIO/Projects/arduino_ros2_communicate/ros2_ws/src/arduino_communication/src/arduino_serial_node.cpp:3[m[K:
[2.765s] [01m[K/opt/ros/humble/include/serial_driver/serial_driver.hpp:29:7:[m[K [01;36m[Knote: [m[Kâ€˜[01m[Kdrivers::serial_driver::SerialDriver[m[Kâ€™ declared here
[2.765s]    29 | class [01;36m[KSerialDriver[m[K
[2.765s]       |       [01;36m[K^~~~~~~~~~~~[m[K
[2.765s] [01m[K/home/xy/æ–‡æ¡£/PlatformIO/Projects/arduino_ros2_communicate/ros2_ws/src/arduino_communication/src/arduino_serial_node.cpp:21:19:[m[K [01;31m[Kerror: [m[Kbase operand of â€˜[01m[K->[m[Kâ€™ is not a pointer
[2.765s]    21 |     serial_driver_[01;31m[K->[m[Kopen();
[2.766s]       |                   [01;31m[K^~[m[K
[2.772s] [01m[K/home/xy/æ–‡æ¡£/PlatformIO/Projects/arduino_ros2_communicate/ros2_ws/src/arduino_communication/src/arduino_serial_node.cpp:[m[K In member function â€˜[01m[Kvoid ArduinoSerialNode::timer_callback()[m[Kâ€™:
[2.772s] [01m[K/home/xy/æ–‡æ¡£/PlatformIO/Projects/arduino_ros2_communicate/ros2_ws/src/arduino_communication/src/arduino_serial_node.cpp:36:39:[m[K [01;31m[Kerror: [m[Kbase operand of â€˜[01m[K->[m[Kâ€™ is not a pointer
[2.772s]    36 |     size_t bytes_read = serial_driver_[01;31m[K->[m[Kport()->receive(buffer);
[2.772s]       |                                       [01;31m[K^~[m[K
[3.300s] gmake[2]: *** [CMakeFiles/arduino_serial_node.dir/build.make:76ï¼šCMakeFiles/arduino_serial_node.dir/src/arduino_serial_node.cpp.o] é”™è¯¯ 1
[3.300s] gmake[1]: *** [CMakeFiles/Makefile2:137ï¼šCMakeFiles/arduino_serial_node.dir/all] é”™è¯¯ 2
[3.300s] gmake: *** [Makefile:146ï¼šall] é”™è¯¯ 2
[3.302s] Invoked command in '/home/xy/æ–‡æ¡£/PlatformIO/Projects/arduino_ros2_communicate/ros2_ws/build/arduino_communication' returned '2': CMAKE_PREFIX_PATH=/opt/ros/humble CONDA_PROMPT_MODIFIER=(base) /usr/bin/cmake --build /home/xy/æ–‡æ¡£/PlatformIO/Projects/arduino_ros2_communicate/ros2_ws/build/arduino_communication -- -j16 -l16
